<?xml version="1.0" encoding="UTF-8"?>
<!-- Generated by org.testng.reporters.JUnitReportReporter -->
<testsuite skipped="0" hostname="DESKTOP-VF27SS2" name="com.orangehrmpluging.GroupTest" tests="4" failures="0" timestamp="08 Dec 2020 05:44:34 GMT" time="0.007" errors="0">
  <testcase name="leaveModule2" time="0.001" classname="com.orangehrmpluging.GroupTest"/>
  <testcase name="leaveModule1" time="0.002" classname="com.orangehrmpluging.GroupTest"/>
  <testcase name="adminModule2" time="0.002" classname="com.orangehrmpluging.GroupTest"/>
  <testcase name="adminModule1" time="0.002" classname="com.orangehrmpluging.GroupTest"/>
</testsuite> <!-- com.orangehrmpluging.GroupTest -->
