<?xml version="1.0" encoding="UTF-8"?>
<!-- Generated by org.testng.reporters.JUnitReportReporter -->
<testsuite skipped="0" hostname="DESKTOP-VF27SS2" name="com.orangehrmpluging.TestsNGDemo" tests="3" failures="0" timestamp="03 Nov 2020 18:07:13 GMT" time="25.771" errors="0">
  <testcase name="leaveTest" time="10.664" classname="com.orangehrmpluging.TestsNGDemo"/>
  <testcase name="pimTest" time="9.037" classname="com.orangehrmpluging.TestsNGDemo"/>
  <testcase name="adminTest" time="6.070" classname="com.orangehrmpluging.TestsNGDemo"/>
</testsuite> <!-- com.orangehrmpluging.TestsNGDemo -->
