<?xml version="1.0" encoding="UTF-8"?>
<!-- Generated by org.testng.reporters.JUnitReportReporter -->
<testsuite skipped="0" hostname="DESKTOP-VF27SS2" name="com.orangehrmpluging.DataTest" tests="2" failures="0" timestamp="03 Nov 2020 18:07:14 GMT" time="43.058" errors="0">
  <testcase name="dt" time="30.843" classname="com.orangehrmpluging.DataTest"/>
  <testcase name="dt" time="12.215" classname="com.orangehrmpluging.DataTest"/>
</testsuite> <!-- com.orangehrmpluging.DataTest -->
